<?xml version="1.0" encoding="UTF-8"?>
<!-- Generated by org.testng.reporters.JUnitXMLReporter -->
<testsuite ignored="0" hostname="Mustafas-MacBook-Pro.local" failures="0" tests="7" name="Postcodes API Test" time="2.557" errors="0" timestamp="2021-12-23T23:31:08 GMT">
  <testcase classname="io.postcodes.controller.ValidateController" name="validateInvalidPostcode" time="1.729"/>
  <testcase classname="io.postcodes.controller.ValidateController" name="validatePostcode" time="0.086"/>
  <testcase classname="io.postcodes.controller.PostcodeController" name="verifyInvalidPostcode" time="0.142"/>
  <testcase classname="io.postcodes.controller.PostcodeController" name="verifyPostcode" time="0.118"/>
  <testcase classname="io.postcodes.controller.PostcodeController" name="verifyWithoutPostcode" time="0.102"/>
  <testcase classname="io.postcodes.controller.NearestController" name="verifyPostcode" time="0.118"/>
  <testcase classname="io.postcodes.controller.RandomController" name="validateRandomPostcode" time="0.235"/>
</testsuite> <!-- Postcodes API Test -->
