<?xml version="1.0" encoding="UTF-8"?>
<testsuite xmlns:xsi="http://www.w3.org/2001/XMLSchema-instance" xsi:noNamespaceSchemaLocation="https://maven.apache.org/surefire/maven-surefire-plugin/xsd/surefire-test-report-3.0.xsd" version="3.0" name="TestSuite" time="2.948" tests="7" errors="0" skipped="0" failures="0">
  <properties>
[...]
</properties>
  <testcase name="validateInvalidPostcode" classname="io.postcodes.controller.ValidateController" time="1.73"/>
  <testcase name="validatePostcode" classname="io.postcodes.controller.ValidateController" time="0.085"/>
  <testcase name="verifyInvalidPostcode" classname="io.postcodes.controller.PostcodeController" time="0.141"/>
  <testcase name="verifyPostcode" classname="io.postcodes.controller.PostcodeController" time="0.119"/>
  <testcase name="verifyWithoutPostcode" classname="io.postcodes.controller.PostcodeController" time="0.101"/>
  <testcase name="verifyPostcode" classname="io.postcodes.controller.NearestController" time="0.119"/>
  <testcase name="validateRandomPostcode" classname="io.postcodes.controller.RandomController" time="0.234"/>
</testsuite>